<?xml version="1.0" encoding="UTF-8"?>
<!-- Generated by org.testng.reporters.JUnitXMLReporter -->
<testsuite ignored="58" hostname="selldo-Vostro-3583" failures="0" tests="30" name="Test" time="665.679" errors="0" timestamp="30 Jun 2021 08:27:05 GMT">
  <testcase classname="exportPackage.ExportUserLogsTest" name="@BeforeTest sales_presalesLogin" time="34.776">
    <failure type="org.openqa.selenium.NoSuchElementException" message="no such element: Unable to locate element: {&amp;quot;method&amp;quot;:&amp;quot;xpath&amp;quot;,&amp;quot;selector&amp;quot;:&amp;quot;//*[@class=&amp;apos;select2-chosen&amp;apos;]&amp;quot;}
  (Session info: headless chrome=91.0.4472.114)
  (Driver info: chromedriver=72.0.3626.69 (3c16f8a135abc0d4da2dff33804db79b849a7c38),platform=Linux 5.8.0-59-generic x86_64) (WARNING: The server did not provide any stacktrace information)
Command duration or timeout: 20.05 seconds
For documentation on this error, please visit: http://seleniumhq.org/exceptions/no_such_element.html
Build info: version: &amp;apos;3.4.0&amp;apos;, revision: &amp;apos;unknown&amp;apos;, time: &amp;apos;unknown&amp;apos;
System info: host: &amp;apos;selldo-Vostro-3583&amp;apos;, ip: &amp;apos;127.0.1.1&amp;apos;, os.name: &amp;apos;Linux&amp;apos;, os.arch: &amp;apos;amd64&amp;apos;, os.version: &amp;apos;5.8.0-59-generic&amp;apos;, java.version: &amp;apos;11.0.11&amp;apos;
Driver info: org.openqa.selenium.chrome.ChromeDriver
Capabilities [{mobileEmulationEnabled=false, timeouts={implicit=0.0, pageLoad=300000.0, script=30000.0}, hasTouchScreen=false, platform=LINUX, acceptSslCerts=false, goog:chromeOptions={debuggerAddress=localhost:37041}, acceptInsecureCerts=false, webStorageEnabled=true, browserName=chrome, takesScreenshot=true, javascriptEnabled=true, setWindowRect=true, unexpectedAlertBehaviour=ignore, applicationCacheEnabled=false, rotatable=false, networkConnectionEnabled=false, chrome={chromedriverVersion=72.0.3626.69 (3c16f8a135abc0d4da2dff33804db79b849a7c38), userDataDir=/tmp/.com.google.Chrome.1kzfBb}, takesHeapSnapshot=true, pageLoadStrategy=normal, databaseEnabled=false, handlesAlerts=true, version=91.0.4472.114, browserConnectionEnabled=false, proxy=Proxy(), nativeEvents=true, locationContextEnabled=true, cssSelectorsEnabled=true}]
Session ID: 589a585b9490d00deb10fdb69d0ace29
*** Element info: {Using=xpath, value=//*[@class=&amp;apos;select2-chosen&amp;apos;]}">
      <![CDATA[org.openqa.selenium.NoSuchElementException: no such element: Unable to locate element: {"method":"xpath","selector":"//*[@class='select2-chosen']"}
  (Session info: headless chrome=91.0.4472.114)
  (Driver info: chromedriver=72.0.3626.69 (3c16f8a135abc0d4da2dff33804db79b849a7c38),platform=Linux 5.8.0-59-generic x86_64) (WARNING: The server did not provide any stacktrace information)
Command duration or timeout: 20.05 seconds
For documentation on this error, please visit: http://seleniumhq.org/exceptions/no_such_element.html
Build info: version: '3.4.0', revision: 'unknown', time: 'unknown'
System info: host: 'selldo-Vostro-3583', ip: '127.0.1.1', os.name: 'Linux', os.arch: 'amd64', os.version: '5.8.0-59-generic', java.version: '11.0.11'
Driver info: org.openqa.selenium.chrome.ChromeDriver
Capabilities [{mobileEmulationEnabled=false, timeouts={implicit=0.0, pageLoad=300000.0, script=30000.0}, hasTouchScreen=false, platform=LINUX, acceptSslCerts=false, goog:chromeOptions={debuggerAddress=localhost:37041}, acceptInsecureCerts=false, webStorageEnabled=true, browserName=chrome, takesScreenshot=true, javascriptEnabled=true, setWindowRect=true, unexpectedAlertBehaviour=ignore, applicationCacheEnabled=false, rotatable=false, networkConnectionEnabled=false, chrome={chromedriverVersion=72.0.3626.69 (3c16f8a135abc0d4da2dff33804db79b849a7c38), userDataDir=/tmp/.com.google.Chrome.1kzfBb}, takesHeapSnapshot=true, pageLoadStrategy=normal, databaseEnabled=false, handlesAlerts=true, version=91.0.4472.114, browserConnectionEnabled=false, proxy=Proxy(), nativeEvents=true, locationContextEnabled=true, cssSelectorsEnabled=true}]
Session ID: 589a585b9490d00deb10fdb69d0ace29
*** Element info: {Using=xpath, value=//*[@class='select2-chosen']}
	at org.openqa.selenium.remote.ErrorHandler.createThrowable(ErrorHandler.java:215)
	at org.openqa.selenium.remote.ErrorHandler.throwIfResponseFailed(ErrorHandler.java:167)
	at org.openqa.selenium.remote.RemoteWebDriver.execute(RemoteWebDriver.java:671)
	at org.openqa.selenium.remote.RemoteWebDriver.findElement(RemoteWebDriver.java:410)
	at org.openqa.selenium.remote.RemoteWebDriver.findElementByXPath(RemoteWebDriver.java:509)
	at org.openqa.selenium.By$ByXPath.findElement(By.java:361)
	at org.openqa.selenium.remote.RemoteWebDriver.findElement(RemoteWebDriver.java:402)
	at crm.selldo.ClientLoginPage.clientLogin(ClientLoginPage.java:31)
	at exportPackage.ExportUserLogsTest.sales_presalesLogin(ExportUserLogsTest.java:57)
... Removed 27 stack frames]]>
    </failure>
  </testcase> <!-- @BeforeTest sales_presalesLogin -->
  <testcase classname="exportPackage.ExportUsersTest" name="@BeforeTest sales_presalesLogin" time="0.0">
    <skipped/>
  </testcase> <!-- @BeforeTest sales_presalesLogin -->
  <testcase classname="exportPackage.ExportVirtualNumbersTest" name="@BeforeTest sales_presalesLogin" time="0.0">
    <skipped/>
  </testcase> <!-- @BeforeTest sales_presalesLogin -->
  <testcase classname="userManagementPack.SearchingUserTest" name="@BeforeTest sales_presalesLogin" time="0.0">
    <skipped/>
  </testcase> <!-- @BeforeTest sales_presalesLogin -->
  <testcase classname="userManagementPack.AddingNewTeamTest" name="@AfterTest endingTest" time="0.0">
    <skipped/>
  </testcase> <!-- @AfterTest endingTest -->
  <testcase classname="userManagementPack.ClientCreationPostPaid" name="@AfterTest endingTest" time="0.0">
    <skipped/>
  </testcase> <!-- @AfterTest endingTest -->
  <testcase classname="userManagementPack.CreatingAdminUserTest" name="@AfterTest endingTest" time="0.0">
    <skipped/>
  </testcase> <!-- @AfterTest endingTest -->
  <testcase classname="userManagementPack.CreatingClient_UnfilledformTest" name="@AfterTest endingTest" time="0.0">
    <skipped/>
  </testcase> <!-- @AfterTest endingTest -->
  <testcase classname="userManagementPack.CreatingPostsalesManagerTest" name="@AfterTest endingTest" time="0.0">
    <skipped/>
  </testcase> <!-- @AfterTest endingTest -->
  <testcase classname="userManagementPack.CreatingPostsalesUserTest" name="@AfterTest endingTest" time="0.0">
    <skipped/>
  </testcase> <!-- @AfterTest endingTest -->
  <testcase classname="userManagementPack.CreatingPresalesManagerTest" name="@AfterTest endingTest" time="0.0">
    <skipped/>
  </testcase> <!-- @AfterTest endingTest -->
  <testcase classname="userManagementPack.CreatingPresalesUserTest" name="@AfterTest endingTest" time="0.0">
    <skipped/>
  </testcase> <!-- @AfterTest endingTest -->
  <testcase classname="userManagementPack.CreatingSalesManagerTest" name="@AfterTest endingTest" time="0.0">
    <skipped/>
  </testcase> <!-- @AfterTest endingTest -->
  <testcase classname="userManagementPack.CreatingSalesUserTest" name="@AfterTest endingTest" time="0.0">
    <skipped/>
  </testcase> <!-- @AfterTest endingTest -->
  <testcase classname="userManagementPack.EditTeamTest" name="@AfterTest endingTest" time="0.0">
    <skipped/>
  </testcase> <!-- @AfterTest endingTest -->
  <testcase classname="userManagementPack.EditingUserTest" name="@AfterTest endingTest" time="0.0">
    <skipped/>
  </testcase> <!-- @AfterTest endingTest -->
  <testcase classname="exportPackage.ExportBookingsTest" name="@AfterTest endingTest" time="0.0">
    <skipped/>
  </testcase> <!-- @AfterTest endingTest -->
  <testcase classname="exportPackage.ExportCallsTest" name="@AfterTest endingTest" time="0.0">
    <skipped/>
  </testcase> <!-- @AfterTest endingTest -->
  <testcase classname="exportPackage.ExportCampaignsTest" name="@AfterTest endingTest" time="0.0">
    <skipped/>
  </testcase> <!-- @AfterTest endingTest -->
  <testcase classname="exportPackage.ExportFollowupsTest" name="@AfterTest endingTest" time="0.0">
    <skipped/>
  </testcase> <!-- @AfterTest endingTest -->
  <testcase classname="exportPackage.ExportInvoices_ItemizedBill_CalllTest" name="@AfterTest endingTest" time="0.0">
    <skipped/>
  </testcase> <!-- @AfterTest endingTest -->
  <testcase classname="exportPackage.ExportInvoices_ItemizedBill_EmailTest" name="@AfterTest endingTest" time="0.0">
    <skipped/>
  </testcase> <!-- @AfterTest endingTest -->
  <testcase classname="exportPackage.ExportInvoices_ItemizedBill_MarketingActivityTest" name="@AfterTest endingTest" time="0.0">
    <skipped/>
  </testcase> <!-- @AfterTest endingTest -->
  <testcase classname="exportPackage.ExportInvoices_ItemizedBill_SMSTest" name="@AfterTest endingTest" time="0.0">
    <skipped/>
  </testcase> <!-- @AfterTest endingTest -->
  <testcase classname="exportPackage.ExportLeadsTest" name="@AfterTest endingTest" time="0.0">
    <skipped/>
  </testcase> <!-- @AfterTest endingTest -->
  <testcase classname="exportPackage.ExportPartnersTest" name="@AfterTest endingTest" time="0.0">
    <skipped/>
  </testcase> <!-- @AfterTest endingTest -->
  <testcase classname="exportPackage.ExportProjectUnitsTest" name="@AfterTest endingTest" time="0.0">
    <skipped/>
  </testcase> <!-- @AfterTest endingTest -->
  <testcase classname="exportPackage.ExportProjectsTest" name="@AfterTest endingTest" time="0.0">
    <skipped/>
  </testcase> <!-- @AfterTest endingTest -->
  <testcase classname="exportPackage.ExportSitevisitsTest" name="@AfterTest endingTest" time="0.0">
    <skipped/>
  </testcase> <!-- @AfterTest endingTest -->
  <testcase classname="exportPackage.ExportTasksTest" name="@AfterTest endingTest" time="0.0">
    <skipped/>
  </testcase> <!-- @AfterTest endingTest -->
  <testcase classname="exportPackage.ExportUserLogsTest" name="@AfterTest endingTest" time="0.0">
    <skipped/>
  </testcase> <!-- @AfterTest endingTest -->
  <testcase classname="exportPackage.ExportUsersTest" name="@AfterTest endingTest" time="0.0">
    <skipped/>
  </testcase> <!-- @AfterTest endingTest -->
  <testcase classname="exportPackage.ExportVirtualNumbersTest" name="@AfterTest endingTest" time="0.0">
    <skipped/>
  </testcase> <!-- @AfterTest endingTest -->
  <testcase classname="userManagementPack.SearchingUserTest" name="@AfterTest endingTest" time="0.0">
    <skipped/>
  </testcase> <!-- @AfterTest endingTest -->
  <testcase classname="userManagementPack.CreatingAdminUserTest" name="creatingAdminUserTest" time="0.0">
    <skipped/>
  </testcase> <!-- creatingAdminUserTest -->
  <testcase classname="exportPackage.ExportProjectUnitsTest" name="exportProjectUnitsTest" time="0.0">
    <skipped/>
  </testcase> <!-- exportProjectUnitsTest -->
  <testcase classname="userManagementPack.CreatingPresalesUserTest" name="creatingPresalesUserTest" time="0.0">
    <skipped/>
  </testcase> <!-- creatingPresalesUserTest -->
  <testcase classname="exportPackage.ExportInvoices_ItemizedBill_SMSTest" name="exportInvoices_ItemizedBill_SMSTest" time="0.0">
    <skipped/>
  </testcase> <!-- exportInvoices_ItemizedBill_SMSTest -->
  <testcase classname="userManagementPack.EditingUserTest" name="editingUserTest" time="0.0">
    <skipped/>
  </testcase> <!-- editingUserTest -->
  <testcase classname="exportPackage.ExportLeadsTest" name="exportLeadsTest" time="0.0">
    <skipped/>
  </testcase> <!-- exportLeadsTest -->
  <testcase classname="userManagementPack.CreatingSalesManagerTest" name="creatingSalesManagerTest" time="0.0">
    <skipped/>
  </testcase> <!-- creatingSalesManagerTest -->
  <testcase classname="exportPackage.ExportInvoices_ItemizedBill_CalllTest" name="exportInvoices_ItemizedBill_CalllTest" time="0.0">
    <skipped/>
  </testcase> <!-- exportInvoices_ItemizedBill_CalllTest -->
  <testcase classname="userManagementPack.CreatingClient_UnfilledformTest" name="creatingClient_UnfilledformTest" time="0.0">
    <skipped/>
  </testcase> <!-- creatingClient_UnfilledformTest -->
  <testcase classname="exportPackage.ExportPartnersTest" name="exportPartnetsTest" time="0.0">
    <skipped/>
  </testcase> <!-- exportPartnetsTest -->
  <testcase classname="userManagementPack.CreatingPostsalesUserTest" name="creatingPostsalesUserTest" time="0.0">
    <skipped/>
  </testcase> <!-- creatingPostsalesUserTest -->
  <testcase classname="exportPackage.ExportVirtualNumbersTest" name="exportVirtualNumbersTest" time="0.0">
    <skipped/>
  </testcase> <!-- exportVirtualNumbersTest -->
  <testcase classname="userManagementPack.CreatingPostsalesManagerTest" name="creatingPostsalesManagerTest" time="0.0">
    <skipped/>
  </testcase> <!-- creatingPostsalesManagerTest -->
  <testcase classname="exportPackage.ExportUsersTest" name="exportUsersTest" time="0.0">
    <skipped/>
  </testcase> <!-- exportUsersTest -->
  <testcase classname="userManagementPack.CreatingPresalesManagerTest" name="creatingPresalesManagerTest" time="0.0">
    <skipped/>
  </testcase> <!-- creatingPresalesManagerTest -->
  <testcase classname="exportPackage.ExportFollowupsTest" name="exportFollowupsTest" time="0.0">
    <skipped/>
  </testcase> <!-- exportFollowupsTest -->
  <testcase classname="userManagementPack.AddingNewTeamTest" name="addingNewTeamTest" time="0.0">
    <skipped/>
  </testcase> <!-- addingNewTeamTest -->
  <testcase classname="exportPackage.ExportInvoices_ItemizedBill_MarketingActivityTest" name="exportInvoices_ItemizedBill_MarketingActivityTest" time="0.0">
    <skipped/>
  </testcase> <!-- exportInvoices_ItemizedBill_MarketingActivityTest -->
  <testcase classname="userManagementPack.CreatingSalesUserTest" name="creatingSalesUserTest" time="0.0">
    <skipped/>
  </testcase> <!-- creatingSalesUserTest -->
  <testcase classname="exportPackage.ExportTasksTest" name="exportTasksTest" time="0.0">
    <skipped/>
  </testcase> <!-- exportTasksTest -->
  <testcase classname="userManagementPack.EditTeamTest" name="editTeamTest" time="0.0">
    <skipped/>
  </testcase> <!-- editTeamTest -->
  <testcase classname="exportPackage.ExportProjectsTest" name="exportProjectsTest" time="0.0">
    <skipped/>
  </testcase> <!-- exportProjectsTest -->
  <testcase classname="userManagementPack.ClientCreationPostPaid" name="creatingClientfromSupport" time="0.0">
    <skipped/>
  </testcase> <!-- creatingClientfromSupport -->
  <testcase classname="exportPackage.ExportSitevisitsTest" name="exportSitevisitsTest" time="0.0">
    <skipped/>
  </testcase> <!-- exportSitevisitsTest -->
  <testcase classname="exportPackage.ExportInvoices_ItemizedBill_EmailTest" name="exportInvoices_ItemizedBill_EmailTest" time="0.0">
    <skipped/>
  </testcase> <!-- exportInvoices_ItemizedBill_EmailTest -->
  <testcase classname="userManagementPack.SearchingUserTest" name="searchingUserTest" time="0.0">
    <skipped/>
  </testcase> <!-- searchingUserTest -->
  <testcase classname="exportPackage.ExportBookingsTest" name="exportBookingsTest" time="0.0">
    <skipped/>
  </testcase> <!-- exportBookingsTest -->
  <testcase classname="exportPackage.ExportUserLogsTest" name="exportUserLogsTest" time="0.0">
    <skipped/>
  </testcase> <!-- exportUserLogsTest -->
  <testcase classname="exportPackage.ExportCallsTest" name="exportCallsTest" time="0.0">
    <skipped/>
  </testcase> <!-- exportCallsTest -->
  <testcase classname="exportPackage.ExportCampaignsTest" name="exportCampaignsTest" time="0.0">
    <skipped/>
  </testcase> <!-- exportCampaignsTest -->
  <testcase classname="utility.SetUp" name="@AfterSuite tearDown" time="0.0">
    <ignored/>
  </testcase> <!-- @AfterSuite tearDown -->
  <testcase classname="utility.SetUp" name="@AfterSuite tearDown" time="0.0">
    <ignored/>
  </testcase> <!-- @AfterSuite tearDown -->
  <testcase classname="utility.SetUp" name="@AfterSuite tearDown" time="0.0">
    <ignored/>
  </testcase> <!-- @AfterSuite tearDown -->
  <testcase classname="utility.SetUp" name="@AfterSuite tearDown" time="0.0">
    <ignored/>
  </testcase> <!-- @AfterSuite tearDown -->
  <testcase classname="utility.SetUp" name="@AfterSuite tearDown" time="0.0">
    <ignored/>
  </testcase> <!-- @AfterSuite tearDown -->
  <testcase classname="utility.SetUp" name="@AfterSuite tearDown" time="0.0">
    <ignored/>
  </testcase> <!-- @AfterSuite tearDown -->
  <testcase classname="utility.SetUp" name="@AfterSuite tearDown" time="0.0">
    <ignored/>
  </testcase> <!-- @AfterSuite tearDown -->
  <testcase classname="utility.SetUp" name="@AfterSuite tearDown" time="0.0">
    <ignored/>
  </testcase> <!-- @AfterSuite tearDown -->
  <testcase classname="utility.SetUp" name="@AfterSuite tearDown" time="0.0">
    <ignored/>
  </testcase> <!-- @AfterSuite tearDown -->
  <testcase classname="utility.SetUp" name="@AfterSuite tearDown" time="0.0">
    <ignored/>
  </testcase> <!-- @AfterSuite tearDown -->
  <testcase classname="utility.SetUp" name="@AfterSuite tearDown" time="0.0">
    <ignored/>
  </testcase> <!-- @AfterSuite tearDown -->
  <testcase classname="utility.SetUp" name="@AfterSuite tearDown" time="0.0">
    <ignored/>
  </testcase> <!-- @AfterSuite tearDown -->
  <testcase classname="utility.SetUp" name="@AfterSuite tearDown" time="0.0">
    <ignored/>
  </testcase> <!-- @AfterSuite tearDown -->
  <testcase classname="utility.SetUp" name="@AfterSuite tearDown" time="0.0">
    <ignored/>
  </testcase> <!-- @AfterSuite tearDown -->
  <testcase classname="utility.SetUp" name="@AfterSuite tearDown" time="0.0">
    <ignored/>
  </testcase> <!-- @AfterSuite tearDown -->
  <testcase classname="utility.SetUp" name="@AfterSuite tearDown" time="0.0">
    <ignored/>
  </testcase> <!-- @AfterSuite tearDown -->
  <testcase classname="utility.SetUp" name="@AfterSuite tearDown" time="0.0">
    <ignored/>
  </testcase> <!-- @AfterSuite tearDown -->
  <testcase classname="utility.SetUp" name="@AfterSuite tearDown" time="0.0">
    <ignored/>
  </testcase> <!-- @AfterSuite tearDown -->
  <testcase classname="utility.SetUp" name="@AfterSuite tearDown" time="0.0">
    <ignored/>
  </testcase> <!-- @AfterSuite tearDown -->
  <testcase classname="utility.SetUp" name="@AfterSuite tearDown" time="0.0">
    <ignored/>
  </testcase> <!-- @AfterSuite tearDown -->
  <testcase classname="utility.SetUp" name="@AfterSuite tearDown" time="0.0">
    <ignored/>
  </testcase> <!-- @AfterSuite tearDown -->
  <testcase classname="utility.SetUp" name="@AfterSuite tearDown" time="0.0">
    <ignored/>
  </testcase> <!-- @AfterSuite tearDown -->
  <testcase classname="utility.SetUp" name="@AfterSuite tearDown" time="0.0">
    <ignored/>
  </testcase> <!-- @AfterSuite tearDown -->
  <testcase classname="utility.SetUp" name="@AfterSuite tearDown" time="0.0">
    <ignored/>
  </testcase> <!-- @AfterSuite tearDown -->
  <testcase classname="utility.SetUp" name="@AfterSuite tearDown" time="0.0">
    <ignored/>
  </testcase> <!-- @AfterSuite tearDown -->
  <testcase classname="utility.SetUp" name="@AfterSuite tearDown" time="0.0">
    <ignored/>
  </testcase> <!-- @AfterSuite tearDown -->
  <testcase classname="utility.SetUp" name="@AfterSuite tearDown" time="0.0">
    <ignored/>
  </testcase> <!-- @AfterSuite tearDown -->
  <testcase classname="utility.SetUp" name="@AfterSuite tearDown" time="0.0">
    <ignored/>
  </testcase> <!-- @AfterSuite tearDown -->
  <testcase classname="utility.SetUp" name="@AfterSuite tearDown" time="0.0">
    <ignored/>
  </testcase> <!-- @AfterSuite tearDown -->
  <testcase classname="utility.SetUp" name="@BeforeSuite setUp" time="0.0">
    <ignored/>
  </testcase> <!-- @BeforeSuite setUp -->
  <testcase classname="utility.SetUp" name="@BeforeSuite setUp" time="0.0">
    <ignored/>
  </testcase> <!-- @BeforeSuite setUp -->
  <testcase classname="utility.SetUp" name="@BeforeSuite setUp" time="0.0">
    <ignored/>
  </testcase> <!-- @BeforeSuite setUp -->
  <testcase classname="utility.SetUp" name="@BeforeSuite setUp" time="0.0">
    <ignored/>
  </testcase> <!-- @BeforeSuite setUp -->
  <testcase classname="utility.SetUp" name="@BeforeSuite setUp" time="0.0">
    <ignored/>
  </testcase> <!-- @BeforeSuite setUp -->
  <testcase classname="utility.SetUp" name="@BeforeSuite setUp" time="0.0">
    <ignored/>
  </testcase> <!-- @BeforeSuite setUp -->
  <testcase classname="utility.SetUp" name="@BeforeSuite setUp" time="0.0">
    <ignored/>
  </testcase> <!-- @BeforeSuite setUp -->
  <testcase classname="utility.SetUp" name="@BeforeSuite setUp" time="0.0">
    <ignored/>
  </testcase> <!-- @BeforeSuite setUp -->
  <testcase classname="utility.SetUp" name="@BeforeSuite setUp" time="0.0">
    <ignored/>
  </testcase> <!-- @BeforeSuite setUp -->
  <testcase classname="utility.SetUp" name="@BeforeSuite setUp" time="0.0">
    <ignored/>
  </testcase> <!-- @BeforeSuite setUp -->
  <testcase classname="utility.SetUp" name="@BeforeSuite setUp" time="0.0">
    <ignored/>
  </testcase> <!-- @BeforeSuite setUp -->
  <testcase classname="utility.SetUp" name="@BeforeSuite setUp" time="0.0">
    <ignored/>
  </testcase> <!-- @BeforeSuite setUp -->
  <testcase classname="utility.SetUp" name="@BeforeSuite setUp" time="0.0">
    <ignored/>
  </testcase> <!-- @BeforeSuite setUp -->
  <testcase classname="utility.SetUp" name="@BeforeSuite setUp" time="0.0">
    <ignored/>
  </testcase> <!-- @BeforeSuite setUp -->
  <testcase classname="utility.SetUp" name="@BeforeSuite setUp" time="0.0">
    <ignored/>
  </testcase> <!-- @BeforeSuite setUp -->
  <testcase classname="utility.SetUp" name="@BeforeSuite setUp" time="0.0">
    <ignored/>
  </testcase> <!-- @BeforeSuite setUp -->
  <testcase classname="utility.SetUp" name="@BeforeSuite setUp" time="0.0">
    <ignored/>
  </testcase> <!-- @BeforeSuite setUp -->
  <testcase classname="utility.SetUp" name="@BeforeSuite setUp" time="0.0">
    <ignored/>
  </testcase> <!-- @BeforeSuite setUp -->
  <testcase classname="utility.SetUp" name="@BeforeSuite setUp" time="0.0">
    <ignored/>
  </testcase> <!-- @BeforeSuite setUp -->
  <testcase classname="utility.SetUp" name="@BeforeSuite setUp" time="0.0">
    <ignored/>
  </testcase> <!-- @BeforeSuite setUp -->
  <testcase classname="utility.SetUp" name="@BeforeSuite setUp" time="0.0">
    <ignored/>
  </testcase> <!-- @BeforeSuite setUp -->
  <testcase classname="utility.SetUp" name="@BeforeSuite setUp" time="0.0">
    <ignored/>
  </testcase> <!-- @BeforeSuite setUp -->
  <testcase classname="utility.SetUp" name="@BeforeSuite setUp" time="0.0">
    <ignored/>
  </testcase> <!-- @BeforeSuite setUp -->
  <testcase classname="utility.SetUp" name="@BeforeSuite setUp" time="0.0">
    <ignored/>
  </testcase> <!-- @BeforeSuite setUp -->
  <testcase classname="utility.SetUp" name="@BeforeSuite setUp" time="0.0">
    <ignored/>
  </testcase> <!-- @BeforeSuite setUp -->
  <testcase classname="utility.SetUp" name="@BeforeSuite setUp" time="0.0">
    <ignored/>
  </testcase> <!-- @BeforeSuite setUp -->
  <testcase classname="utility.SetUp" name="@BeforeSuite setUp" time="0.0">
    <ignored/>
  </testcase> <!-- @BeforeSuite setUp -->
  <testcase classname="utility.SetUp" name="@BeforeSuite setUp" time="0.0">
    <ignored/>
  </testcase> <!-- @BeforeSuite setUp -->
  <testcase classname="utility.SetUp" name="@BeforeSuite setUp" time="0.0">
    <ignored/>
  </testcase> <!-- @BeforeSuite setUp -->
</testsuite> <!-- Test -->
